<?xml version="1.0" encoding="UTF-8"?>
<!-- Generated by org.testng.reporters.JUnitReportReporter -->
<testsuite skipped="0" hostname="LAPTOP-GT2PE0IT" name="com.frame.demo.test.TestFrame" tests="2" failures="0" timestamp="21 Sep 2023 08:57:00 GMT" time="12.036" errors="0">
  <testcase name="toLoginSuccessed" time="10.600" classname="com.frame.demo.test.TestFrame"/>
  <testcase name="toLoginFailed" time="1.436" classname="com.frame.demo.test.TestFrame"/>
</testsuite> <!-- com.frame.demo.test.TestFrame -->
